[debug] [2022-05-24T15:06:17.060Z] ----------------------------------------------------------------------
[debug] [2022-05-24T15:06:17.062Z] Command:       E:\Semester 5\APK\node.js\node.exe C:\Users\WIN10\AppData\Roaming\npm\node_modules\firebase-tools\lib\bin\firebase.js serve
[debug] [2022-05-24T15:06:17.063Z] CLI Version:   10.9.2
[debug] [2022-05-24T15:06:17.063Z] Platform:      win32
[debug] [2022-05-24T15:06:17.063Z] Node Version:  v17.1.0
[debug] [2022-05-24T15:06:17.064Z] Time:          Tue May 24 2022 22:06:17 GMT+0700 (Western Indonesia Time)
[debug] [2022-05-24T15:06:17.064Z] ----------------------------------------------------------------------
[debug] 
[debug] [2022-05-24T15:06:17.152Z] > command requires scopes: ["email","openid","https://www.googleapis.com/auth/cloudplatformprojects.readonly","https://www.googleapis.com/auth/firebase","https://www.googleapis.com/auth/cloud-platform"]
[debug] [2022-05-24T15:06:17.153Z] > authorizing via signed-in user (shelysurrayensih0501@gmail.com)
[debug] [2022-05-24T15:06:17.153Z] [iam] checking project fir-login-shelyca for permissions ["firebase.projects.get"]
[debug] [2022-05-24T15:06:17.155Z] > refreshing access token with scopes: []
[debug] [2022-05-24T15:06:17.156Z] >>> HTTP REQUEST POST https://www.googleapis.com/oauth2/v3/token  
 <request body omitted>
[debug] [2022-05-24T15:06:38.325Z] [iam] error while checking permissions, command may fail: FirebaseError: Authentication Error: Your credentials are no longer valid. Please run firebase login --reauth

For CI servers and headless environments, generate a new token with firebase login:ci
[debug] [2022-05-24T15:06:38.326Z] > refreshing access token with scopes: []
[debug] [2022-05-24T15:06:38.326Z] >>> HTTP REQUEST POST https://www.googleapis.com/oauth2/v3/token  
 <request body omitted>
[debug] [2022-05-24T15:06:38.333Z] Authentication Error: Your credentials are no longer valid. Please run firebase login --reauth

For CI servers and headless environments, generate a new token with firebase login:ci
[debug] [2022-05-24T15:06:38.344Z] FirebaseError: Authentication Error: Your credentials are no longer valid. Please run firebase login --reauth

For CI servers and headless environments, generate a new token with firebase login:ci
    at invalidCredentialError (C:\Users\WIN10\AppData\Roaming\npm\node_modules\firebase-tools\lib\auth.js:145:12)
    at refreshTokens (C:\Users\WIN10\AppData\Roaming\npm\node_modules\firebase-tools\lib\auth.js:485:15)
    at processTicksAndRejections (node:internal/process/task_queues:96:5)
    at async Client.getAccessToken (C:\Users\WIN10\AppData\Roaming\npm\node_modules\firebase-tools\lib\apiv2.js:147:23)
    at async Client.addAuthHeader (C:\Users\WIN10\AppData\Roaming\npm\node_modules\firebase-tools\lib\apiv2.js:138:21)
    at async Client.request (C:\Users\WIN10\AppData\Roaming\npm\node_modules\firebase-tools\lib\apiv2.js:94:34)
    at async getFirebaseProject (C:\Users\WIN10\AppData\Roaming\npm\node_modules\firebase-tools\lib\management\projects.js:290:21)
    at async needProjectNumber (C:\Users\WIN10\AppData\Roaming\npm\node_modules\firebase-tools\lib\projectUtils.js:46:22)
    at async C:\Users\WIN10\AppData\Roaming\npm\node_modules\firebase-tools\lib\command.js:188:17
[error] 
[error] Error: Failed to get Firebase project fir-login-shelyca. Please make sure the project exists and your account has permission to access it.
[debug] [2022-05-24T15:07:02.705Z] ----------------------------------------------------------------------
[debug] [2022-05-24T15:07:02.708Z] Command:       E:\Semester 5\APK\node.js\node.exe C:\Users\WIN10\AppData\Roaming\npm\node_modules\firebase-tools\lib\bin\firebase.js serve
[debug] [2022-05-24T15:07:02.709Z] CLI Version:   10.9.2
[debug] [2022-05-24T15:07:02.709Z] Platform:      win32
[debug] [2022-05-24T15:07:02.709Z] Node Version:  v17.1.0
[debug] [2022-05-24T15:07:02.711Z] Time:          Tue May 24 2022 22:07:02 GMT+0700 (Western Indonesia Time)
[debug] [2022-05-24T15:07:02.711Z] ----------------------------------------------------------------------
[debug] 
[debug] [2022-05-24T15:07:02.799Z] > command requires scopes: ["email","openid","https://www.googleapis.com/auth/cloudplatformprojects.readonly","https://www.googleapis.com/auth/firebase","https://www.googleapis.com/auth/cloud-platform"]
[debug] [2022-05-24T15:07:02.800Z] > authorizing via signed-in user (shelysurrayensih0501@gmail.com)
[debug] [2022-05-24T15:07:02.800Z] [iam] checking project fir-login-shelyca for permissions ["firebase.projects.get"]
[debug] [2022-05-24T15:07:02.803Z] > refreshing access token with scopes: []
[debug] [2022-05-24T15:07:02.804Z] >>> HTTP REQUEST POST https://www.googleapis.com/oauth2/v3/token  
 <request body omitted>
[debug] [2022-05-24T15:07:02.929Z] [iam] error while checking permissions, command may fail: FirebaseError: Authentication Error: Your credentials are no longer valid. Please run firebase login --reauth

For CI servers and headless environments, generate a new token with firebase login:ci
[debug] [2022-05-24T15:07:02.930Z] > refreshing access token with scopes: []
[debug] [2022-05-24T15:07:02.930Z] >>> HTTP REQUEST POST https://www.googleapis.com/oauth2/v3/token  
 <request body omitted>
[debug] [2022-05-24T15:07:02.939Z] Authentication Error: Your credentials are no longer valid. Please run firebase login --reauth

For CI servers and headless environments, generate a new token with firebase login:ci
[debug] [2022-05-24T15:07:02.952Z] FirebaseError: Authentication Error: Your credentials are no longer valid. Please run firebase login --reauth

For CI servers and headless environments, generate a new token with firebase login:ci
    at invalidCredentialError (C:\Users\WIN10\AppData\Roaming\npm\node_modules\firebase-tools\lib\auth.js:145:12)
    at refreshTokens (C:\Users\WIN10\AppData\Roaming\npm\node_modules\firebase-tools\lib\auth.js:485:15)
    at processTicksAndRejections (node:internal/process/task_queues:96:5)
    at async Client.getAccessToken (C:\Users\WIN10\AppData\Roaming\npm\node_modules\firebase-tools\lib\apiv2.js:147:23)
    at async Client.addAuthHeader (C:\Users\WIN10\AppData\Roaming\npm\node_modules\firebase-tools\lib\apiv2.js:138:21)
    at async Client.request (C:\Users\WIN10\AppData\Roaming\npm\node_modules\firebase-tools\lib\apiv2.js:94:34)
    at async getFirebaseProject (C:\Users\WIN10\AppData\Roaming\npm\node_modules\firebase-tools\lib\management\projects.js:290:21)
    at async needProjectNumber (C:\Users\WIN10\AppData\Roaming\npm\node_modules\firebase-tools\lib\projectUtils.js:46:22)
    at async C:\Users\WIN10\AppData\Roaming\npm\node_modules\firebase-tools\lib\command.js:188:17
[error] 
[error] Error: Failed to get Firebase project fir-login-shelyca. Please make sure the project exists and your account has permission to access it.
[debug] [2022-05-24T15:07:56.784Z] ----------------------------------------------------------------------
[debug] [2022-05-24T15:07:56.786Z] Command:       E:\Semester 5\APK\node.js\node.exe C:\Users\WIN10\AppData\Roaming\npm\node_modules\firebase-tools\lib\bin\firebase.js serve
[debug] [2022-05-24T15:07:56.787Z] CLI Version:   10.9.2
[debug] [2022-05-24T15:07:56.787Z] Platform:      win32
[debug] [2022-05-24T15:07:56.787Z] Node Version:  v17.1.0
[debug] [2022-05-24T15:07:56.788Z] Time:          Tue May 24 2022 22:07:56 GMT+0700 (Western Indonesia Time)
[debug] [2022-05-24T15:07:56.788Z] ----------------------------------------------------------------------
[debug] 
[debug] [2022-05-24T15:07:56.866Z] > command requires scopes: ["email","openid","https://www.googleapis.com/auth/cloudplatformprojects.readonly","https://www.googleapis.com/auth/firebase","https://www.googleapis.com/auth/cloud-platform"]
[debug] [2022-05-24T15:07:56.866Z] > authorizing via signed-in user (shelysurrayensih0501@gmail.com)
[debug] [2022-05-24T15:07:56.867Z] [iam] checking project fir-login-shelyca for permissions ["firebase.projects.get"]
[debug] [2022-05-24T15:07:56.869Z] > refreshing access token with scopes: []
[debug] [2022-05-24T15:07:56.870Z] >>> HTTP REQUEST POST https://www.googleapis.com/oauth2/v3/token  
 <request body omitted>
[debug] [2022-05-24T15:07:57.144Z] <<< HTTP RESPONSE 200 {"pragma":"no-cache","cache-control":"no-cache, no-store, max-age=0, must-revalidate","expires":"Mon, 01 Jan 1990 00:00:00 GMT","date":"Tue, 24 May 2022 15:07:57 GMT","content-type":"application/json; charset=utf-8","vary":"X-Origin, Referer, Origin,Accept-Encoding","server":"scaffolding on HTTPServer2","x-xss-protection":"0","x-frame-options":"SAMEORIGIN","x-content-type-options":"nosniff","alt-svc":"h3=\":443\"; ma=2592000,h3-29=\":443\"; ma=2592000,h3-Q050=\":443\"; ma=2592000,h3-Q046=\":443\"; ma=2592000,h3-Q043=\":443\"; ma=2592000,quic=\":443\"; ma=2592000; v=\"46,43\"","accept-ranges":"none","transfer-encoding":"chunked"}
[debug] [2022-05-24T15:07:57.157Z] >>> [apiv2][query] POST https://cloudresourcemanager.googleapis.com/v1/projects/fir-login-shelyca:testIamPermissions [none]
[debug] [2022-05-24T15:07:57.158Z] >>> [apiv2][body] POST https://cloudresourcemanager.googleapis.com/v1/projects/fir-login-shelyca:testIamPermissions {"permissions":["firebase.projects.get"]}
[debug] [2022-05-24T15:07:58.229Z] <<< [apiv2][status] POST https://cloudresourcemanager.googleapis.com/v1/projects/fir-login-shelyca:testIamPermissions 200
[debug] [2022-05-24T15:07:58.230Z] <<< [apiv2][body] POST https://cloudresourcemanager.googleapis.com/v1/projects/fir-login-shelyca:testIamPermissions {"permissions":["firebase.projects.get"]}
[debug] [2022-05-24T15:07:58.232Z] >>> [apiv2][query] GET https://firebase.googleapis.com/v1beta1/projects/fir-login-shelyca [none]
[debug] [2022-05-24T15:07:58.917Z] <<< [apiv2][status] GET https://firebase.googleapis.com/v1beta1/projects/fir-login-shelyca 200
[debug] [2022-05-24T15:07:58.917Z] <<< [apiv2][body] GET https://firebase.googleapis.com/v1beta1/projects/fir-login-shelyca {"projectId":"fir-login-shelyca","projectNumber":"966934968015","displayName":"Firebase-Login-Shelyca","name":"projects/fir-login-shelyca","resources":{"hostingSite":"fir-login-shelyca","storageBucket":"fir-login-shelyca.appspot.com","locationId":"us-central"},"state":"ACTIVE"}
[info] 
[info] === Serving from 'E:\Semester 6\PBF\PBF2022\Pertemuan 11\Firebase-Login'...
[info] 
[debug] [2022-05-24T15:07:58.923Z] >>> [apiv2][query] GET https://firebasehosting.googleapis.com/v1beta1/projects/fir-login-shelyca/sites 
[debug] [2022-05-24T15:08:00.569Z] <<< [apiv2][status] GET https://firebasehosting.googleapis.com/v1beta1/projects/fir-login-shelyca/sites 200
[debug] [2022-05-24T15:08:00.569Z] <<< [apiv2][body] GET https://firebasehosting.googleapis.com/v1beta1/projects/fir-login-shelyca/sites {"sites":[{"name":"projects/fir-login-shelyca/sites/fir-login-shelyca","defaultUrl":"https://fir-login-shelyca.web.app","appId":"1:966934968015:web:b7b98675ecdf6f31cba9ba","type":"DEFAULT_SITE"}]}
[debug] [2022-05-24T15:08:00.569Z] >>> [apiv2][query] GET https://firebase.googleapis.com/v1beta1/projects/fir-login-shelyca/webApps/1:966934968015:web:b7b98675ecdf6f31cba9ba/config [none]
[debug] [2022-05-24T15:08:01.786Z] <<< [apiv2][status] GET https://firebase.googleapis.com/v1beta1/projects/fir-login-shelyca/webApps/1:966934968015:web:b7b98675ecdf6f31cba9ba/config 200
[debug] [2022-05-24T15:08:01.786Z] <<< [apiv2][body] GET https://firebase.googleapis.com/v1beta1/projects/fir-login-shelyca/webApps/1:966934968015:web:b7b98675ecdf6f31cba9ba/config {"projectId":"fir-login-shelyca","appId":"1:966934968015:web:b7b98675ecdf6f31cba9ba","storageBucket":"fir-login-shelyca.appspot.com","locationId":"us-central","apiKey":"AIzaSyClKMSKbgCcf58jfg045tb2cv29ehl36fQ","authDomain":"fir-login-shelyca.firebaseapp.com","messagingSenderId":"966934968015","measurementId":"G-HQPMKNGLMR"}
[info] i  hosting: Serving hosting files from: build {"metadata":{"emulator":{"name":"hosting"},"message":"Serving hosting files from: \u001b[1mbuild\u001b[22m"}}
[info] +  hosting: Local server: http://localhost:5000 {"metadata":{"emulator":{"name":"hosting"},"message":"Local server: \u001b[4m\u001b[1mhttp://localhost:5000\u001b[22m\u001b[24m"}}
